14-Jul-23 08:53:03 - INFO - O Programa Aritmética foi Interpretado!
14-Jul-23 08:53:03 - INFO - O Programa Estruturas de Repetição foi Interpretado!
14-Jul-23 08:53:03 - INFO - O Programa Pequenos Desafios foi Interpretado
14-Jul-23 08:53:03 - INFO - O Programa de Estruturas de Seleção foi Interpretado!
14-Jul-23 08:53:03 - INFO - O Programa Estruturas de Matrizes foi Interpretado!
14-Jul-23 08:53:03 - INFO - O Programa principal iniciou!
14-Jul-23 08:53:03 - INFO - Função Intar Solicitada
14-Jul-23 08:55:49 - INFO - O Usuário inseriu: "0" para intar()
14-Jul-23 08:55:49 - INFO - O Usuário escolheu: 0
14-Jul-23 08:55:49 - INFO - Encerrando Programa
14-Jul-23 08:55:50 - INFO - O Programa Aritmética foi Interpretado!
14-Jul-23 08:55:50 - INFO - O Programa Estruturas de Repetição foi Interpretado!
14-Jul-23 08:55:50 - INFO - O Programa Pequenos Desafios foi Interpretado
14-Jul-23 08:55:50 - INFO - O Programa de Estruturas de Seleção foi Interpretado!
14-Jul-23 08:55:50 - INFO - O Programa Estruturas de Matrizes foi Interpretado!
14-Jul-23 08:55:50 - INFO - O Programa principal iniciou!
14-Jul-23 08:55:50 - INFO - Função Intar Solicitada
14-Jul-23 08:55:51 - INFO - O Usuário inseriu: "" para intar()
14-Jul-23 08:55:51 - INFO - Erro de Input
14-Jul-23 08:55:52 - INFO - O Usuário inseriu: "0" para intar()
14-Jul-23 08:55:52 - INFO - O Usuário escolheu: 0
14-Jul-23 08:55:52 - INFO - Encerrando Programa
14-Jul-23 08:55:56 - INFO - O Programa Aritmética foi Interpretado!
14-Jul-23 08:55:56 - INFO - O Programa Estruturas de Repetição foi Interpretado!
14-Jul-23 08:55:56 - INFO - O Programa Pequenos Desafios foi Interpretado
14-Jul-23 08:55:56 - INFO - O Programa de Estruturas de Seleção foi Interpretado!
14-Jul-23 08:55:56 - INFO - O Programa Estruturas de Matrizes foi Interpretado!
14-Jul-23 08:55:56 - INFO - O Programa principal iniciou!
14-Jul-23 08:55:56 - INFO - Função Intar Solicitada
14-Jul-23 09:02:31 - INFO - O Usuário inseriu: "0" para intar()
14-Jul-23 09:02:31 - INFO - O Usuário escolheu: 0
14-Jul-23 09:02:31 - INFO - Encerrando Programa
14-Jul-23 09:02:45 - INFO - O Programa Aritmética foi Interpretado!
14-Jul-23 09:02:45 - INFO - O Programa Estruturas de Repetição foi Interpretado!
14-Jul-23 09:02:45 - INFO - O Programa Pequenos Desafios foi Interpretado
14-Jul-23 09:02:45 - INFO - O Programa de Estruturas de Seleção foi Interpretado!
14-Jul-23 09:02:45 - INFO - O Programa Estruturas de Matrizes foi Interpretado!
14-Jul-23 09:02:45 - INFO - O Programa principal iniciou!
14-Jul-23 09:02:45 - INFO - Função Intar Solicitada
14-Jul-23 09:02:46 - INFO - O Usuário inseriu: "0" para intar()
14-Jul-23 09:02:46 - INFO - O Usuário escolheu: 0
14-Jul-23 09:02:46 - INFO - Encerrando Programa
14-Jul-23 09:02:48 - INFO - O Programa Aritmética foi Interpretado!
14-Jul-23 09:02:48 - INFO - O Programa Estruturas de Repetição foi Interpretado!
14-Jul-23 09:02:48 - INFO - O Programa Pequenos Desafios foi Interpretado
14-Jul-23 09:02:48 - INFO - O Programa de Estruturas de Seleção foi Interpretado!
14-Jul-23 09:02:48 - INFO - O Programa Estruturas de Matrizes foi Interpretado!
14-Jul-23 09:02:48 - INFO - O Programa principal iniciou!
14-Jul-23 09:02:48 - INFO - Função Intar Solicitada
14-Jul-23 09:05:37 - INFO - O Usuário inseriu: "guydsa" para intar()
14-Jul-23 09:05:37 - INFO - Erro de Input
14-Jul-23 09:08:01 - INFO - O Usuário inseriu: "0" para intar()
14-Jul-23 09:08:01 - INFO - O Usuário escolheu: 0
14-Jul-23 09:08:01 - INFO - Encerrando Programa
14-Jul-23 09:24:32 - INFO - O Programa Aritmética foi Interpretado!
14-Jul-23 09:24:32 - INFO - O Programa Estruturas de Repetição foi Interpretado!
14-Jul-23 09:24:32 - INFO - O Programa Pequenos Desafios foi Interpretado
14-Jul-23 09:24:32 - INFO - O Programa de Estruturas de Seleção foi Interpretado!
14-Jul-23 09:24:32 - INFO - O Programa Estruturas de Matrizes foi Interpretado!
14-Jul-23 09:24:32 - INFO - O Programa principal iniciou!
14-Jul-23 09:24:32 - INFO - Função Intar Solicitada
14-Jul-23 09:24:34 - INFO - O Usuário inseriu: "1" para intar()
14-Jul-23 09:24:34 - INFO - O Usuário escolheu: 1
14-Jul-23 09:24:34 - INFO - Função Intar Solicitada
14-Jul-23 09:24:35 - INFO - O Usuário inseriu: "20" para intar()
14-Jul-23 09:24:35 - INFO - O Usuário escolheu: 1
14-Jul-23 09:24:38 - INFO - Função Intar Solicitada
14-Jul-23 09:28:03 - INFO - O Usuário inseriu: "1" para intar()
14-Jul-23 09:28:03 - INFO - O Usuário escolheu: 1
14-Jul-23 09:28:03 - INFO - Função Intar Solicitada
14-Jul-23 09:28:08 - INFO - O Usuário inseriu: "10" para intar()
14-Jul-23 09:28:08 - INFO - O Usuário escolheu: 1
14-Jul-23 09:28:08 - INFO - Função Celsius vs Fahrenheit Iniciou
14-Jul-23 09:28:08 - INFO - Função Flotar Solicitada
14-Jul-23 09:28:27 - INFO - O Usuário inseriu: "1" para flotar()
14-Jul-23 09:28:27 - INFO - Função Flotar Solicitada
14-Jul-23 09:28:35 - INFO - O Usuário inseriu: "22" para flotar()
14-Jul-23 09:28:35 - INFO - Fim do função return: 71.6
14-Jul-23 09:28:51 - INFO - Função Intar Solicitada
14-Jul-23 09:28:53 - INFO - O Usuário inseriu: "1" para intar()
14-Jul-23 09:28:53 - INFO - O Usuário escolheu: 1
14-Jul-23 09:28:53 - INFO - Função Intar Solicitada
14-Jul-23 09:28:56 - INFO - O Usuário inseriu: "10" para intar()
14-Jul-23 09:28:56 - INFO - O Usuário escolheu: 1
14-Jul-23 09:28:56 - INFO - Função Celsius vs Fahrenheit Iniciou
14-Jul-23 09:28:56 - INFO - Função Flotar Solicitada
14-Jul-23 09:28:58 - INFO - O Usuário inseriu: "2" para flotar()
14-Jul-23 09:28:58 - INFO - Função Flotar Solicitada
14-Jul-23 09:29:05 - INFO - O Usuário inseriu: "71.6" para flotar()
14-Jul-23 09:29:05 - INFO - Fim do função return: 22.0
14-Jul-23 09:29:11 - INFO - Função Intar Solicitada
14-Jul-23 09:29:12 - INFO - O Usuário inseriu: "1" para intar()
14-Jul-23 09:29:12 - INFO - O Usuário escolheu: 1
14-Jul-23 09:29:12 - INFO - Função Intar Solicitada
14-Jul-23 09:29:17 - INFO - O Usuário inseriu: "17" para intar()
14-Jul-23 09:29:17 - INFO - O Usuário escolheu: 1
14-Jul-23 09:29:17 - INFO - Função Função Exponencial e Logaritmo Natural Iniciou
14-Jul-23 09:29:17 - INFO - Função Flotar Solicitada
14-Jul-23 09:29:49 - INFO - O Usuário inseriu: "2" para flotar()
14-Jul-23 09:29:49 - INFO - Função Flotar Solicitada
14-Jul-23 09:29:53 - INFO - O Usuário inseriu: "3" para flotar()
14-Jul-23 09:30:09 - INFO - Função Intar Solicitada
14-Jul-23 09:30:33 - INFO - O Usuário inseriu: "2" para intar()
14-Jul-23 09:30:33 - INFO - O Usuário escolheu: 2
14-Jul-23 09:30:33 - INFO - Função Intar Solicitada
14-Jul-23 09:30:40 - INFO - O Usuário inseriu: "3" para intar()
14-Jul-23 09:30:40 - INFO - O Usuário escolheu: 3
14-Jul-23 09:30:40 - INFO - A Função Maior Valor - V2 Iniciou
14-Jul-23 09:30:40 - INFO - Função Flotar Solicitada
14-Jul-23 09:31:08 - INFO - O Usuário inseriu: "3" para flotar()
14-Jul-23 09:31:08 - INFO - Função Flotar Solicitada
14-Jul-23 09:31:12 - INFO - O Usuário inseriu: "3" para flotar()
14-Jul-23 09:31:12 - INFO - Função Flotar Solicitada
14-Jul-23 09:31:13 - INFO - O Usuário inseriu: "1" para flotar()
14-Jul-23 09:31:13 - INFO - Função Flotar Solicitada
14-Jul-23 09:31:14 - INFO - O Usuário inseriu: "5" para flotar()
14-Jul-23 09:31:14 - INFO - Maior: 5.0 | Menor: 1.0
14-Jul-23 09:37:38 - INFO - Função Intar Solicitada
14-Jul-23 09:37:40 - INFO - O Usuário inseriu: "2" para intar()
14-Jul-23 09:37:40 - INFO - O Usuário escolheu: 2
14-Jul-23 09:37:40 - INFO - Função Intar Solicitada
14-Jul-23 09:37:42 - INFO - O Usuário inseriu: "3" para intar()
14-Jul-23 09:37:42 - INFO - O Usuário escolheu: 3
14-Jul-23 09:37:42 - INFO - A Função Maior Valor - V2 Iniciou
14-Jul-23 09:37:42 - INFO - Função Flotar Solicitada
14-Jul-23 09:37:46 - INFO - O Usuário inseriu: "5" para flotar()
14-Jul-23 09:37:46 - INFO - Função Flotar Solicitada
14-Jul-23 09:37:46 - INFO - O Usuário inseriu: "5" para flotar()
14-Jul-23 09:37:46 - INFO - Função Flotar Solicitada
14-Jul-23 09:37:47 - INFO - O Usuário inseriu: "5" para flotar()
14-Jul-23 09:37:47 - INFO - Função Flotar Solicitada
14-Jul-23 09:37:47 - INFO - O Usuário inseriu: "5" para flotar()
14-Jul-23 09:37:47 - INFO - Função Flotar Solicitada
14-Jul-23 09:37:48 - INFO - O Usuário inseriu: "5" para flotar()
14-Jul-23 09:37:48 - INFO - Função Flotar Solicitada
14-Jul-23 09:37:50 - INFO - O Usuário inseriu: "5" para flotar()
14-Jul-23 09:37:50 - INFO - 5.0 = 5.0
14-Jul-23 09:37:50 - INFO - 5.0 = 5.0
14-Jul-23 09:37:50 - INFO - 5.0 = 5.0
14-Jul-23 09:37:50 - INFO - 5.0 = 5.0
14-Jul-23 09:37:50 - INFO - 5.0 = 5.0
14-Jul-23 09:37:50 - INFO - 5.0 = 5.0
14-Jul-23 09:37:50 - INFO - 5.0 = 5.0
14-Jul-23 09:37:50 - INFO - 5.0 = 5.0
14-Jul-23 09:37:50 - INFO - 5.0 = 5.0
14-Jul-23 09:37:50 - INFO - 5.0 = 5.0
14-Jul-23 09:37:50 - INFO - Maior: 5.0 | Menor: 5.0
14-Jul-23 09:38:31 - INFO - Função Intar Solicitada
14-Jul-23 09:38:32 - INFO - O Usuário inseriu: "" para intar()
14-Jul-23 09:38:32 - INFO - Erro de Input
14-Jul-23 09:38:33 - INFO - O Usuário inseriu: "0" para intar()
14-Jul-23 09:38:33 - INFO - O Usuário escolheu: 0
14-Jul-23 09:38:33 - INFO - Encerrando Programa
14-Jul-23 09:41:28 - INFO - O Programa Aritmética foi Interpretado!
14-Jul-23 09:41:28 - INFO - O Programa Estruturas de Repetição foi Interpretado!
14-Jul-23 09:41:28 - INFO - O Programa Pequenos Desafios foi Interpretado
14-Jul-23 09:42:12 - INFO - O Programa Aritmética foi Interpretado!
14-Jul-23 09:42:12 - INFO - O Programa Estruturas de Repetição foi Interpretado!
14-Jul-23 09:42:12 - INFO - O Programa Pequenos Desafios foi Interpretado
14-Jul-23 09:42:12 - INFO - O Programa de Estruturas de Seleção foi Interpretado!
14-Jul-23 09:42:12 - INFO - O Programa Estruturas de Matrizes foi Interpretado!
14-Jul-23 09:42:12 - INFO - O Programa principal iniciou!
14-Jul-23 09:42:12 - INFO - Função Intar Solicitada
14-Jul-23 09:42:15 - INFO - O Usuário inseriu: "2" para intar()
14-Jul-23 09:42:15 - INFO - O Usuário escolheu: 2
14-Jul-23 09:42:15 - INFO - Função Intar Solicitada
14-Jul-23 09:42:18 - INFO - O Usuário inseriu: "3" para intar()
14-Jul-23 09:42:18 - INFO - O Usuário escolheu: 3
14-Jul-23 09:42:18 - INFO - A Função Maior Valor - V2 Iniciou
14-Jul-23 09:42:18 - INFO - Função Flotar Solicitada
14-Jul-23 09:42:21 - INFO - O Usuário inseriu: "5" para flotar()
14-Jul-23 09:42:21 - INFO - Função Flotar Solicitada
14-Jul-23 09:42:23 - INFO - O Usuário inseriu: "5" para flotar()
14-Jul-23 09:42:25 - INFO - Função Intar Solicitada
14-Jul-23 09:42:28 - INFO - O Usuário inseriu: "2" para intar()
14-Jul-23 09:42:28 - INFO - O Usuário escolheu: 2
14-Jul-23 09:42:28 - INFO - Função Intar Solicitada
14-Jul-23 09:42:30 - INFO - O Usuário inseriu: "3" para intar()
14-Jul-23 09:42:30 - INFO - O Usuário escolheu: 3
14-Jul-23 09:42:30 - INFO - A Função Maior Valor - V2 Iniciou
14-Jul-23 09:42:30 - INFO - Função Flotar Solicitada
14-Jul-23 09:42:31 - INFO - O Usuário inseriu: "2" para flotar()
14-Jul-23 09:42:31 - INFO - Função Flotar Solicitada
14-Jul-23 09:42:32 - INFO - O Usuário inseriu: "3" para flotar()
